<?xml version="1.0" encoding="UTF-8"?>
<testng-results ignored="14" total="23" passed="8" failed="1" skipped="0">
  <reporter-output>
    <line>
      <![CDATA[Opportunities page is diplayed.]]>
    </line>
    <line>
      <![CDATA[Creating New Opportunity page is displyed.]]>
    </line>
    <line>
      <![CDATA[Opprtunity created]]>
    </line>
    <line>
      <![CDATA[Organisation link click successful]]>
    </line>
    <line>
      <![CDATA[Create Organisation look up IMG link click successful]]>
    </line>
    <line>
      <![CDATA[Organisation & Industry entered successful]]>
    </line>
    <line>
      <![CDATA[Campaings created.]]>
    </line>
    <line>
      <![CDATA[Bipro814 create successfully...!]]>
    </line>
    <line>
      <![CDATA[Leads page is display ]]>
    </line>
    <line>
      <![CDATA[Create New Lead page is display ]]>
    </line>
    <line>
      <![CDATA[New Leads created sucessfully..!]]>
    </line>
  </reporter-output>
  <suite started-at="2023-07-14T12:04:24 IST" name="Suite" finished-at="2023-07-14T12:07:07 IST" duration-ms="162559">
    <groups>
      <group name="RegressionSuit">
        <method signature="CreateOrganizationWithChemicalsTest.createOrganizationWithChemicalsTest()[pri:0, instance:Organisation.CreateOrganizationWithChemicalsTest@dd8ba08]" name="createOrganizationWithChemicalsTest" class="Organisation.CreateOrganizationWithChemicalsTest"/>
      </group> <!-- RegressionSuit -->
      <group name="SmokeSuit">
        <method signature="CreateOrganizationWithChemicalsTest.createOrganizationWithChemicalsTest()[pri:0, instance:Organisation.CreateOrganizationWithChemicalsTest@dd8ba08]" name="createOrganizationWithChemicalsTest" class="Organisation.CreateOrganizationWithChemicalsTest"/>
      </group> <!-- SmokeSuit -->
    </groups>
    <test started-at="2023-07-14T12:04:24 IST" name="Test2" finished-at="2023-07-14T12:06:34 IST" duration-ms="129984">
      <class name="Opportunities.CreateOpportunitiesTest">
        <test-method is-config="true" signature="BS()[pri:0, instance:Opportunities.CreateOpportunitiesTest@6302bbb1]" started-at="2023-07-14T12:04:24 IST" name="BS" finished-at="2023-07-14T12:04:24 IST" duration-ms="20" status="PASS">
          <reporter-output>
          </reporter-output>
        </test-method> <!-- BS -->
        <test-method is-config="true" signature="BCLaunchBrowser()[pri:0, instance:Opportunities.CreateOpportunitiesTest@6302bbb1]" started-at="2023-07-14T12:04:24 IST" name="BCLaunchBrowser" finished-at="2023-07-14T12:04:30 IST" duration-ms="5552" status="PASS">
          <reporter-output>
          </reporter-output>
        </test-method> <!-- BCLaunchBrowser -->
        <test-method is-config="true" signature="BMLoginTOApplication()[pri:0, instance:Opportunities.CreateOpportunitiesTest@6302bbb1]" started-at="2023-07-14T12:04:30 IST" name="BMLoginTOApplication" finished-at="2023-07-14T12:04:40 IST" duration-ms="10225" status="PASS">
          <reporter-output>
          </reporter-output>
        </test-method> <!-- BMLoginTOApplication -->
        <test-method signature="createOpportunitiesTest()[pri:0, instance:Opportunities.CreateOpportunitiesTest@6302bbb1]" started-at="2023-07-14T12:04:40 IST" name="createOpportunitiesTest" finished-at="2023-07-14T12:05:15 IST" duration-ms="35251" status="PASS">
          <reporter-output>
            <line>
              <![CDATA[Opportunities page is diplayed.]]>
            </line>
            <line>
              <![CDATA[Creating New Opportunity page is displyed.]]>
            </line>
            <line>
              <![CDATA[Opprtunity created]]>
            </line>
          </reporter-output>
        </test-method> <!-- createOpportunitiesTest -->
        <test-method is-config="true" signature="AMLogoutTOApplication()[pri:0, instance:Opportunities.CreateOpportunitiesTest@6302bbb1]" started-at="2023-07-14T12:05:15 IST" name="AMLogoutTOApplication" finished-at="2023-07-14T12:05:16 IST" duration-ms="159" status="PASS">
          <reporter-output>
          </reporter-output>
        </test-method> <!-- AMLogoutTOApplication -->
        <test-method is-config="true" signature="ACCloseBrowser()[pri:0, instance:Opportunities.CreateOpportunitiesTest@6302bbb1]" started-at="2023-07-14T12:05:16 IST" name="ACCloseBrowser" finished-at="2023-07-14T12:05:16 IST" duration-ms="321" status="PASS">
          <reporter-output>
          </reporter-output>
        </test-method> <!-- ACCloseBrowser -->
        <test-method is-config="true" signature="AS()[pri:0, instance:Opportunities.CreateOpportunitiesTest@6302bbb1]" started-at="2023-07-14T12:07:07 IST" name="AS" finished-at="2023-07-14T12:07:07 IST" duration-ms="15" status="PASS">
          <reporter-output>
          </reporter-output>
        </test-method> <!-- AS -->
      </class> <!-- Opportunities.CreateOpportunitiesTest -->
      <class name="Documents.CreateDocumentUsingDescriptionTest">
        <test-method is-config="true" signature="BCLaunchBrowser()[pri:0, instance:Documents.CreateDocumentUsingDescriptionTest@5c6648b0]" started-at="2023-07-14T12:05:39 IST" name="BCLaunchBrowser" finished-at="2023-07-14T12:05:42 IST" duration-ms="2576" status="PASS">
          <reporter-output>
          </reporter-output>
        </test-method> <!-- BCLaunchBrowser -->
        <test-method is-config="true" signature="BMLoginTOApplication()[pri:0, instance:Documents.CreateDocumentUsingDescriptionTest@5c6648b0]" started-at="2023-07-14T12:05:42 IST" name="BMLoginTOApplication" finished-at="2023-07-14T12:05:48 IST" duration-ms="6077" status="PASS">
          <reporter-output>
          </reporter-output>
        </test-method> <!-- BMLoginTOApplication -->
        <test-method signature="createDocumentTest()[pri:0, instance:Documents.CreateDocumentUsingDescriptionTest@5c6648b0]" started-at="2023-07-14T12:05:48 IST" name="createDocumentTest" finished-at="2023-07-14T12:06:04 IST" duration-ms="15563" status="PASS">
          <reporter-output>
          </reporter-output>
        </test-method> <!-- createDocumentTest -->
        <test-method is-config="true" signature="AMLogoutTOApplication()[pri:0, instance:Documents.CreateDocumentUsingDescriptionTest@5c6648b0]" started-at="2023-07-14T12:06:04 IST" name="AMLogoutTOApplication" finished-at="2023-07-14T12:06:04 IST" duration-ms="174" status="PASS">
          <reporter-output>
          </reporter-output>
        </test-method> <!-- AMLogoutTOApplication -->
        <test-method is-config="true" signature="ACCloseBrowser()[pri:0, instance:Documents.CreateDocumentUsingDescriptionTest@5c6648b0]" started-at="2023-07-14T12:06:04 IST" name="ACCloseBrowser" finished-at="2023-07-14T12:06:04 IST" duration-ms="249" status="PASS">
          <reporter-output>
          </reporter-output>
        </test-method> <!-- ACCloseBrowser -->
      </class> <!-- Documents.CreateDocumentUsingDescriptionTest -->
      <class name="Documents.CreateDocumentUsingUploadFileTest">
        <test-method is-config="true" signature="BCLaunchBrowser()[pri:0, instance:Documents.CreateDocumentUsingUploadFileTest@6f1de4c7]" started-at="2023-07-14T12:06:04 IST" name="BCLaunchBrowser" finished-at="2023-07-14T12:06:07 IST" duration-ms="2951" status="PASS">
          <reporter-output>
          </reporter-output>
        </test-method> <!-- BCLaunchBrowser -->
        <test-method is-config="true" signature="BMLoginTOApplication()[pri:0, instance:Documents.CreateDocumentUsingUploadFileTest@6f1de4c7]" started-at="2023-07-14T12:06:07 IST" name="BMLoginTOApplication" finished-at="2023-07-14T12:06:12 IST" duration-ms="4720" status="PASS">
          <reporter-output>
          </reporter-output>
        </test-method> <!-- BMLoginTOApplication -->
        <test-method signature="createDocumentTest()[pri:0, instance:Documents.CreateDocumentUsingUploadFileTest@6f1de4c7]" started-at="2023-07-14T12:06:12 IST" name="createDocumentTest" finished-at="2023-07-14T12:06:33 IST" duration-ms="21712" status="PASS">
          <reporter-output>
          </reporter-output>
        </test-method> <!-- createDocumentTest -->
        <test-method is-config="true" signature="AMLogoutTOApplication()[pri:0, instance:Documents.CreateDocumentUsingUploadFileTest@6f1de4c7]" started-at="2023-07-14T12:06:33 IST" name="AMLogoutTOApplication" finished-at="2023-07-14T12:06:34 IST" duration-ms="198" status="PASS">
          <reporter-output>
          </reporter-output>
        </test-method> <!-- AMLogoutTOApplication -->
        <test-method is-config="true" signature="ACCloseBrowser()[pri:0, instance:Documents.CreateDocumentUsingUploadFileTest@6f1de4c7]" started-at="2023-07-14T12:06:34 IST" name="ACCloseBrowser" finished-at="2023-07-14T12:06:34 IST" duration-ms="282" status="PASS">
          <reporter-output>
          </reporter-output>
        </test-method> <!-- ACCloseBrowser -->
      </class> <!-- Documents.CreateDocumentUsingUploadFileTest -->
      <class name="Campaigns.CreateCampaignsTest">
        <test-method is-config="true" signature="BCLaunchBrowser()[pri:0, instance:Campaigns.CreateCampaignsTest@31304f14]" started-at="2023-07-14T12:05:16 IST" name="BCLaunchBrowser" finished-at="2023-07-14T12:05:18 IST" duration-ms="2551" status="PASS">
          <reporter-output>
          </reporter-output>
        </test-method> <!-- BCLaunchBrowser -->
        <test-method is-config="true" signature="BMLoginTOApplication()[pri:0, instance:Campaigns.CreateCampaignsTest@31304f14]" started-at="2023-07-14T12:05:18 IST" name="BMLoginTOApplication" finished-at="2023-07-14T12:05:24 IST" duration-ms="5641" status="PASS">
          <reporter-output>
          </reporter-output>
        </test-method> <!-- BMLoginTOApplication -->
        <test-method signature="createCampaignsTest()[pri:0, instance:Campaigns.CreateCampaignsTest@31304f14]" started-at="2023-07-14T12:05:24 IST" name="createCampaignsTest" finished-at="2023-07-14T12:05:39 IST" duration-ms="14876" status="PASS">
          <reporter-output>
            <line>
              <![CDATA[Campaings created.]]>
            </line>
          </reporter-output>
        </test-method> <!-- createCampaignsTest -->
        <test-method is-config="true" signature="AMLogoutTOApplication()[pri:0, instance:Campaigns.CreateCampaignsTest@31304f14]" started-at="2023-07-14T12:05:39 IST" name="AMLogoutTOApplication" finished-at="2023-07-14T12:05:39 IST" duration-ms="160" status="PASS">
          <reporter-output>
          </reporter-output>
        </test-method> <!-- AMLogoutTOApplication -->
        <test-method is-config="true" signature="ACCloseBrowser()[pri:0, instance:Campaigns.CreateCampaignsTest@31304f14]" started-at="2023-07-14T12:05:39 IST" name="ACCloseBrowser" finished-at="2023-07-14T12:05:39 IST" duration-ms="293" status="PASS">
          <reporter-output>
          </reporter-output>
        </test-method> <!-- ACCloseBrowser -->
      </class> <!-- Campaigns.CreateCampaignsTest -->
    </test> <!-- Test2 -->
    <test started-at="2023-07-14T12:04:24 IST" name="Test1" finished-at="2023-07-14T12:07:07 IST" duration-ms="162559">
      <class name="Leads.CreateLeadsWithLeadSourceTest">
        <test-method is-config="true" signature="BCLaunchBrowser()[pri:0, instance:Leads.CreateLeadsWithLeadSourceTest@6ae5aa72]" started-at="2023-07-14T12:06:43 IST" name="BCLaunchBrowser" finished-at="2023-07-14T12:06:45 IST" duration-ms="2588" status="PASS">
          <reporter-output>
          </reporter-output>
        </test-method> <!-- BCLaunchBrowser -->
        <test-method is-config="true" signature="BMLoginTOApplication()[pri:0, instance:Leads.CreateLeadsWithLeadSourceTest@6ae5aa72]" started-at="2023-07-14T12:06:45 IST" name="BMLoginTOApplication" finished-at="2023-07-14T12:06:54 IST" duration-ms="8485" status="PASS">
          <reporter-output>
          </reporter-output>
        </test-method> <!-- BMLoginTOApplication -->
        <test-method signature="createLeadWithLeadSourceTest()[pri:0, instance:Leads.CreateLeadsWithLeadSourceTest@6ae5aa72]" started-at="2023-07-14T12:06:54 IST" name="createLeadWithLeadSourceTest" finished-at="2023-07-14T12:07:06 IST" duration-ms="12310" status="PASS">
          <reporter-output>
            <line>
              <![CDATA[Leads page is display ]]>
            </line>
            <line>
              <![CDATA[Create New Lead page is display ]]>
            </line>
            <line>
              <![CDATA[New Leads created sucessfully..!]]>
            </line>
          </reporter-output>
        </test-method> <!-- createLeadWithLeadSourceTest -->
        <test-method is-config="true" signature="AMLogoutTOApplication()[pri:0, instance:Leads.CreateLeadsWithLeadSourceTest@6ae5aa72]" started-at="2023-07-14T12:07:06 IST" name="AMLogoutTOApplication" finished-at="2023-07-14T12:07:06 IST" duration-ms="160" status="PASS">
          <reporter-output>
          </reporter-output>
        </test-method> <!-- AMLogoutTOApplication -->
        <test-method is-config="true" signature="ACCloseBrowser()[pri:0, instance:Leads.CreateLeadsWithLeadSourceTest@6ae5aa72]" started-at="2023-07-14T12:07:06 IST" name="ACCloseBrowser" finished-at="2023-07-14T12:07:07 IST" duration-ms="380" status="PASS">
          <reporter-output>
          </reporter-output>
        </test-method> <!-- ACCloseBrowser -->
      </class> <!-- Leads.CreateLeadsWithLeadSourceTest -->
      <class name="Documents.CreateDoucumentTest">
        <test-method is-config="true" signature="BCLaunchBrowser()[pri:0, instance:Documents.CreateDoucumentTest@6c64cb25]" started-at="2023-07-14T12:06:22 IST" name="BCLaunchBrowser" finished-at="2023-07-14T12:06:24 IST" duration-ms="2521" status="PASS">
          <reporter-output>
          </reporter-output>
        </test-method> <!-- BCLaunchBrowser -->
        <test-method is-config="true" signature="BMLoginTOApplication()[pri:0, instance:Documents.CreateDoucumentTest@6c64cb25]" started-at="2023-07-14T12:06:24 IST" name="BMLoginTOApplication" finished-at="2023-07-14T12:06:29 IST" duration-ms="4732" status="PASS">
          <reporter-output>
          </reporter-output>
        </test-method> <!-- BMLoginTOApplication -->
        <test-method signature="createDocumentTest()[pri:0, instance:Documents.CreateDoucumentTest@6c64cb25]" started-at="2023-07-14T12:06:29 IST" name="createDocumentTest" finished-at="2023-07-14T12:06:42 IST" duration-ms="13192" status="PASS">
          <reporter-output>
          </reporter-output>
        </test-method> <!-- createDocumentTest -->
        <test-method is-config="true" signature="AMLogoutTOApplication()[pri:0, instance:Documents.CreateDoucumentTest@6c64cb25]" started-at="2023-07-14T12:06:42 IST" name="AMLogoutTOApplication" finished-at="2023-07-14T12:06:42 IST" duration-ms="155" status="PASS">
          <reporter-output>
          </reporter-output>
        </test-method> <!-- AMLogoutTOApplication -->
        <test-method is-config="true" signature="ACCloseBrowser()[pri:0, instance:Documents.CreateDoucumentTest@6c64cb25]" started-at="2023-07-14T12:06:42 IST" name="ACCloseBrowser" finished-at="2023-07-14T12:06:43 IST" duration-ms="316" status="PASS">
          <reporter-output>
          </reporter-output>
        </test-method> <!-- ACCloseBrowser -->
      </class> <!-- Documents.CreateDoucumentTest -->
      <class name="Organisation.CreateOrganizationWithChemicalsTest">
        <test-method is-config="true" signature="BCLaunchBrowser()[pri:0, instance:Organisation.CreateOrganizationWithChemicalsTest@dd8ba08]" started-at="2023-07-14T12:05:13 IST" name="BCLaunchBrowser" finished-at="2023-07-14T12:05:15 IST" duration-ms="2894" status="PASS">
          <reporter-output>
          </reporter-output>
        </test-method> <!-- BCLaunchBrowser -->
        <test-method is-config="true" signature="BMLoginTOApplication()[pri:0, instance:Organisation.CreateOrganizationWithChemicalsTest@dd8ba08]" started-at="2023-07-14T12:05:15 IST" name="BMLoginTOApplication" finished-at="2023-07-14T12:05:26 IST" duration-ms="10174" status="PASS">
          <reporter-output>
          </reporter-output>
        </test-method> <!-- BMLoginTOApplication -->
        <test-method signature="createOrganizationWithChemicalsTest()[pri:0, instance:Organisation.CreateOrganizationWithChemicalsTest@dd8ba08]" started-at="2023-07-14T12:05:26 IST" name="createOrganizationWithChemicalsTest" finished-at="2023-07-14T12:05:41 IST" duration-ms="15665" status="PASS">
          <reporter-output>
            <line>
              <![CDATA[Organisation link click successful]]>
            </line>
            <line>
              <![CDATA[Create Organisation look up IMG link click successful]]>
            </line>
            <line>
              <![CDATA[Organisation & Industry entered successful]]>
            </line>
            <line>
              <![CDATA[Bipro814 create successfully...!]]>
            </line>
          </reporter-output>
        </test-method> <!-- createOrganizationWithChemicalsTest -->
        <test-method is-config="true" signature="AMLogoutTOApplication()[pri:0, instance:Organisation.CreateOrganizationWithChemicalsTest@dd8ba08]" started-at="2023-07-14T12:05:41 IST" name="AMLogoutTOApplication" finished-at="2023-07-14T12:05:41 IST" duration-ms="165" status="PASS">
          <reporter-output>
          </reporter-output>
        </test-method> <!-- AMLogoutTOApplication -->
        <test-method is-config="true" signature="ACCloseBrowser()[pri:0, instance:Organisation.CreateOrganizationWithChemicalsTest@dd8ba08]" started-at="2023-07-14T12:05:41 IST" name="ACCloseBrowser" finished-at="2023-07-14T12:05:42 IST" duration-ms="285" status="PASS">
          <reporter-output>
          </reporter-output>
        </test-method> <!-- ACCloseBrowser -->
      </class> <!-- Organisation.CreateOrganizationWithChemicalsTest -->
      <class name="Documents.CreateDocumentUsingDownloadTypeTest">
        <test-method is-config="true" signature="BCLaunchBrowser()[pri:0, instance:Documents.CreateDocumentUsingDownloadTypeTest@245b4bdc]" started-at="2023-07-14T12:05:42 IST" name="BCLaunchBrowser" finished-at="2023-07-14T12:05:45 IST" duration-ms="2983" status="PASS">
          <reporter-output>
          </reporter-output>
        </test-method> <!-- BCLaunchBrowser -->
        <test-method is-config="true" signature="BMLoginTOApplication()[pri:0, instance:Documents.CreateDocumentUsingDownloadTypeTest@245b4bdc]" started-at="2023-07-14T12:05:45 IST" name="BMLoginTOApplication" finished-at="2023-07-14T12:05:51 IST" duration-ms="5795" status="PASS">
          <reporter-output>
          </reporter-output>
        </test-method> <!-- BMLoginTOApplication -->
        <test-method signature="createDocumentTest()[pri:0, instance:Documents.CreateDocumentUsingDownloadTypeTest@245b4bdc]" started-at="2023-07-14T12:05:51 IST" name="createDocumentTest" finished-at="2023-07-14T12:06:01 IST" duration-ms="10759" status="FAIL">
          <exception class="org.openqa.selenium.ElementNotInteractableException">
            <message>
              <![CDATA[element not interactable: element has zero size
  (Session info: chrome=114.0.5735.199)
Build info: version: '4.8.3', revision: 'e5e76298c3'
System info: os.name: 'Windows 11', os.arch: 'amd64', os.version: '10.0', java.version: '17.0.5'
Driver info: org.openqa.selenium.chrome.ChromeDriver
Command: [29b0a1910dbf3d26632906378faae50d, clickElement {id=344FC0AC4ADBAC9D85F1F62714378B81_element_479}]
Capabilities {acceptInsecureCerts: false, browserName: chrome, browserVersion: 114.0.5735.199, chrome: {chromedriverVersion: 114.0.5735.90 (386bc09e8f4f..., userDataDir: C:\Users\vivek\AppData\Loca...}, goog:chromeOptions: {debuggerAddress: localhost:51673}, networkConnectionEnabled: false, pageLoadStrategy: normal, platformName: WINDOWS, proxy: Proxy(), se:cdp: ws://localhost:51673/devtoo..., se:cdpVersion: 114.0.5735.199, setWindowRect: true, strictFileInteractability: false, timeouts: {implicit: 0, pageLoad: 300000, script: 30000}, unhandledPromptBehavior: dismiss and notify, webauthn:extension:credBlob: true, webauthn:extension:largeBlob: true, webauthn:extension:minPinLength: true, webauthn:extension:prf: true, webauthn:virtualAuthenticators: true}
Element: [[ChromeDriver: chrome on WINDOWS (29b0a1910dbf3d26632906378faae50d)] -> xpath: //body[@class='cke_show_borders']]
Session ID: 29b0a1910dbf3d26632906378faae50d]]>
            </message>
            <full-stacktrace>
              <![CDATA[org.openqa.selenium.ElementNotInteractableException: element not interactable: element has zero size
  (Session info: chrome=114.0.5735.199)
Build info: version: '4.8.3', revision: 'e5e76298c3'
System info: os.name: 'Windows 11', os.arch: 'amd64', os.version: '10.0', java.version: '17.0.5'
Driver info: org.openqa.selenium.chrome.ChromeDriver
Command: [29b0a1910dbf3d26632906378faae50d, clickElement {id=344FC0AC4ADBAC9D85F1F62714378B81_element_479}]
Capabilities {acceptInsecureCerts: false, browserName: chrome, browserVersion: 114.0.5735.199, chrome: {chromedriverVersion: 114.0.5735.90 (386bc09e8f4f..., userDataDir: C:\Users\vivek\AppData\Loca...}, goog:chromeOptions: {debuggerAddress: localhost:51673}, networkConnectionEnabled: false, pageLoadStrategy: normal, platformName: WINDOWS, proxy: Proxy(), se:cdp: ws://localhost:51673/devtoo..., se:cdpVersion: 114.0.5735.199, setWindowRect: true, strictFileInteractability: false, timeouts: {implicit: 0, pageLoad: 300000, script: 30000}, unhandledPromptBehavior: dismiss and notify, webauthn:extension:credBlob: true, webauthn:extension:largeBlob: true, webauthn:extension:minPinLength: true, webauthn:extension:prf: true, webauthn:virtualAuthenticators: true}
Element: [[ChromeDriver: chrome on WINDOWS (29b0a1910dbf3d26632906378faae50d)] -> xpath: //body[@class='cke_show_borders']]
Session ID: 29b0a1910dbf3d26632906378faae50d
at java.base/jdk.internal.reflect.NativeConstructorAccessorImpl.newInstance0(Native Method)
at java.base/jdk.internal.reflect.NativeConstructorAccessorImpl.newInstance(NativeConstructorAccessorImpl.java:77)
at java.base/jdk.internal.reflect.DelegatingConstructorAccessorImpl.newInstance(DelegatingConstructorAccessorImpl.java:45)
at java.base/java.lang.reflect.Constructor.newInstanceWithCaller(Constructor.java:499)
at java.base/java.lang.reflect.Constructor.newInstance(Constructor.java:480)
at org.openqa.selenium.remote.codec.w3c.W3CHttpResponseCodec.createException(W3CHttpResponseCodec.java:200)
at org.openqa.selenium.remote.codec.w3c.W3CHttpResponseCodec.decode(W3CHttpResponseCodec.java:133)
at org.openqa.selenium.remote.codec.w3c.W3CHttpResponseCodec.decode(W3CHttpResponseCodec.java:53)
at org.openqa.selenium.remote.HttpCommandExecutor.execute(HttpCommandExecutor.java:193)
at org.openqa.selenium.remote.service.DriverCommandExecutor.invokeExecute(DriverCommandExecutor.java:183)
at org.openqa.selenium.remote.service.DriverCommandExecutor.execute(DriverCommandExecutor.java:158)
at org.openqa.selenium.remote.RemoteWebDriver.execute(RemoteWebDriver.java:543)
at org.openqa.selenium.remote.RemoteWebElement.execute(RemoteWebElement.java:257)
at org.openqa.selenium.remote.RemoteWebElement.click(RemoteWebElement.java:78)
at jdk.internal.reflect.GeneratedMethodAccessor1.invoke(Unknown Source)
at java.base/jdk.internal.reflect.DelegatingMethodAccessorImpl.invoke(DelegatingMethodAccessorImpl.java:43)
at java.base/java.lang.reflect.Method.invoke(Method.java:568)
at org.openqa.selenium.support.pagefactory.internal.LocatingElementHandler.invoke(LocatingElementHandler.java:52)
at jdk.proxy2/jdk.proxy2.$Proxy19.click(Unknown Source)
at object.repository.documents.CreateNewDocumentPage.createNewDocumentUsingDownloadType(CreateNewDocumentPage.java:76)
at Documents.CreateDocumentUsingDownloadTypeTest.createDocumentTest(CreateDocumentUsingDownloadTypeTest.java:27)
at java.base/jdk.internal.reflect.NativeMethodAccessorImpl.invoke0(Native Method)
at java.base/jdk.internal.reflect.NativeMethodAccessorImpl.invoke(NativeMethodAccessorImpl.java:77)
at java.base/jdk.internal.reflect.DelegatingMethodAccessorImpl.invoke(DelegatingMethodAccessorImpl.java:43)
at java.base/java.lang.reflect.Method.invoke(Method.java:568)
at org.testng.internal.MethodInvocationHelper.invokeMethod(MethodInvocationHelper.java:133)
at org.testng.internal.TestInvoker.invokeMethod(TestInvoker.java:598)
at org.testng.internal.TestInvoker.invokeTestMethod(TestInvoker.java:173)
at org.testng.internal.MethodRunner.runInSequence(MethodRunner.java:46)
at org.testng.internal.TestInvoker$MethodInvocationAgent.invoke(TestInvoker.java:824)
at org.testng.internal.TestInvoker.invokeTestMethods(TestInvoker.java:146)
at org.testng.internal.TestMethodWorker.invokeTestMethods(TestMethodWorker.java:146)
at org.testng.internal.TestMethodWorker.run(TestMethodWorker.java:128)
at java.base/java.util.ArrayList.forEach(ArrayList.java:1511)
at org.testng.TestRunner.privateRun(TestRunner.java:794)
at org.testng.TestRunner.run(TestRunner.java:596)
at org.testng.SuiteRunner.runTest(SuiteRunner.java:377)
at org.testng.SuiteRunner.access$000(SuiteRunner.java:28)
at org.testng.SuiteRunner$SuiteWorker.run(SuiteRunner.java:418)
at org.testng.internal.thread.ThreadUtil.lambda$execute$0(ThreadUtil.java:64)
at java.base/java.util.concurrent.FutureTask.run(FutureTask.java:264)
at java.base/java.util.concurrent.ThreadPoolExecutor.runWorker(ThreadPoolExecutor.java:1136)
at java.base/java.util.concurrent.ThreadPoolExecutor$Worker.run(ThreadPoolExecutor.java:635)
at java.base/java.lang.Thread.run(Thread.java:833)
]]>
            </full-stacktrace>
          </exception> <!-- org.openqa.selenium.ElementNotInteractableException -->
          <reporter-output>
          </reporter-output>
        </test-method> <!-- createDocumentTest -->
        <test-method is-config="true" signature="AMLogoutTOApplication()[pri:0, instance:Documents.CreateDocumentUsingDownloadTypeTest@245b4bdc]" started-at="2023-07-14T12:06:02 IST" name="AMLogoutTOApplication" finished-at="2023-07-14T12:06:22 IST" duration-ms="20062" status="FAIL">
          <exception class="org.openqa.selenium.json.JsonException">
            <message>
              <![CDATA[java.lang.reflect.InvocationTargetException
Build info: version: '4.8.3', revision: 'e5e76298c3'
System info: os.name: 'Windows 11', os.arch: 'amd64', os.version: '10.0', java.version: '17.0.5'
Driver info: org.openqa.selenium.chrome.ChromeDriver
Command: [29b0a1910dbf3d26632906378faae50d, actions {actions=[org.openqa.selenium.interactions.Sequence@60be96a6]}]
Capabilities {acceptInsecureCerts: false, browserName: chrome, browserVersion: 114.0.5735.199, chrome: {chromedriverVersion: 114.0.5735.90 (386bc09e8f4f..., userDataDir: C:\Users\vivek\AppData\Loca...}, goog:chromeOptions: {debuggerAddress: localhost:51673}, networkConnectionEnabled: false, pageLoadStrategy: normal, platformName: WINDOWS, proxy: Proxy(), se:cdp: ws://localhost:51673/devtoo..., se:cdpVersion: 114.0.5735.199, setWindowRect: true, strictFileInteractability: false, timeouts: {implicit: 0, pageLoad: 300000, script: 30000}, unhandledPromptBehavior: dismiss and notify, webauthn:extension:credBlob: true, webauthn:extension:largeBlob: true, webauthn:extension:minPinLength: true, webauthn:extension:prf: true, webauthn:virtualAuthenticators: true}
Session ID: 29b0a1910dbf3d26632906378faae50d]]>
            </message>
            <full-stacktrace>
              <![CDATA[org.openqa.selenium.json.JsonException: java.lang.reflect.InvocationTargetException
Build info: version: '4.8.3', revision: 'e5e76298c3'
System info: os.name: 'Windows 11', os.arch: 'amd64', os.version: '10.0', java.version: '17.0.5'
Driver info: org.openqa.selenium.chrome.ChromeDriver
Command: [29b0a1910dbf3d26632906378faae50d, actions {actions=[org.openqa.selenium.interactions.Sequence@60be96a6]}]
Capabilities {acceptInsecureCerts: false, browserName: chrome, browserVersion: 114.0.5735.199, chrome: {chromedriverVersion: 114.0.5735.90 (386bc09e8f4f..., userDataDir: C:\Users\vivek\AppData\Loca...}, goog:chromeOptions: {debuggerAddress: localhost:51673}, networkConnectionEnabled: false, pageLoadStrategy: normal, platformName: WINDOWS, proxy: Proxy(), se:cdp: ws://localhost:51673/devtoo..., se:cdpVersion: 114.0.5735.199, setWindowRect: true, strictFileInteractability: false, timeouts: {implicit: 0, pageLoad: 300000, script: 30000}, unhandledPromptBehavior: dismiss and notify, webauthn:extension:credBlob: true, webauthn:extension:largeBlob: true, webauthn:extension:minPinLength: true, webauthn:extension:prf: true, webauthn:virtualAuthenticators: true}
Session ID: 29b0a1910dbf3d26632906378faae50d
at org.openqa.selenium.json.JsonOutput.convertUsingMethod(JsonOutput.java:362)
at org.openqa.selenium.json.JsonOutput.lambda$new$16(JsonOutput.java:154)
at org.openqa.selenium.json.JsonOutput.write(JsonOutput.java:287)
at org.openqa.selenium.json.JsonOutput.lambda$new$22(JsonOutput.java:169)
at java.base/java.util.stream.ForEachOps$ForEachOp$OfRef.accept(ForEachOps.java:183)
at java.base/java.util.stream.ReferencePipeline$2$1.accept(ReferencePipeline.java:179)
at java.base/java.util.Iterator.forEachRemaining(Iterator.java:133)
at java.base/java.util.Spliterators$IteratorSpliterator.forEachRemaining(Spliterators.java:1845)
at java.base/java.util.stream.AbstractPipeline.copyInto(AbstractPipeline.java:509)
at java.base/java.util.stream.AbstractPipeline.wrapAndCopyInto(AbstractPipeline.java:499)
at java.base/java.util.stream.ForEachOps$ForEachOp.evaluateSequential(ForEachOps.java:150)
at java.base/java.util.stream.ForEachOps$ForEachOp$OfRef.evaluateSequential(ForEachOps.java:173)
at java.base/java.util.stream.AbstractPipeline.evaluate(AbstractPipeline.java:234)
at java.base/java.util.stream.ReferencePipeline.forEach(ReferencePipeline.java:596)
at org.openqa.selenium.json.JsonOutput.lambda$new$23(JsonOutput.java:169)
at org.openqa.selenium.json.JsonOutput.write(JsonOutput.java:287)
at org.openqa.selenium.json.JsonOutput.lambda$new$24(JsonOutput.java:182)
at com.google.common.collect.SingletonImmutableBiMap.forEach(SingletonImmutableBiMap.java:68)
at org.openqa.selenium.json.JsonOutput.lambda$new$25(JsonOutput.java:177)
at org.openqa.selenium.json.JsonOutput.write(JsonOutput.java:287)
at org.openqa.selenium.json.JsonOutput.write(JsonOutput.java:278)
at org.openqa.selenium.json.Json.toJson(Json.java:42)
at org.openqa.selenium.remote.codec.AbstractHttpCommandCodec.encode(AbstractHttpCommandCodec.java:259)
at org.openqa.selenium.remote.codec.AbstractHttpCommandCodec.encode(AbstractHttpCommandCodec.java:122)
at org.openqa.selenium.remote.HttpCommandExecutor.execute(HttpCommandExecutor.java:181)
at org.openqa.selenium.remote.service.DriverCommandExecutor.invokeExecute(DriverCommandExecutor.java:183)
at org.openqa.selenium.remote.service.DriverCommandExecutor.execute(DriverCommandExecutor.java:158)
at org.openqa.selenium.remote.RemoteWebDriver.execute(RemoteWebDriver.java:543)
at org.openqa.selenium.remote.RemoteWebDriver.perform(RemoteWebDriver.java:611)
at org.openqa.selenium.interactions.Actions$BuiltAction.perform(Actions.java:567)
at org.openqa.selenium.interactions.Actions.perform(Actions.java:536)
at com.generic.utilities.WebDriverUtility.mouseHoverAction(WebDriverUtility.java:109)
at object.repository.HomePage.logoutToApplication(HomePage.java:88)
at com.generic.utilities.BaseClass.AMLogoutTOApplication(BaseClass.java:72)
at java.base/jdk.internal.reflect.NativeMethodAccessorImpl.invoke0(Native Method)
at java.base/jdk.internal.reflect.NativeMethodAccessorImpl.invoke(NativeMethodAccessorImpl.java:77)
at java.base/jdk.internal.reflect.DelegatingMethodAccessorImpl.invoke(DelegatingMethodAccessorImpl.java:43)
at java.base/java.lang.reflect.Method.invoke(Method.java:568)
at org.testng.internal.MethodInvocationHelper.invokeMethod(MethodInvocationHelper.java:133)
at org.testng.internal.MethodInvocationHelper.invokeMethodConsideringTimeout(MethodInvocationHelper.java:62)
at org.testng.internal.ConfigInvoker.invokeConfigurationMethod(ConfigInvoker.java:385)
at org.testng.internal.ConfigInvoker.invokeConfigurations(ConfigInvoker.java:321)
at org.testng.internal.TestInvoker.runConfigMethods(TestInvoker.java:700)
at org.testng.internal.TestInvoker.runAfterGroupsConfigurations(TestInvoker.java:676)
at org.testng.internal.TestInvoker.invokeMethod(TestInvoker.java:660)
at org.testng.internal.TestInvoker.invokeTestMethod(TestInvoker.java:173)
at org.testng.internal.MethodRunner.runInSequence(MethodRunner.java:46)
at org.testng.internal.TestInvoker$MethodInvocationAgent.invoke(TestInvoker.java:824)
at org.testng.internal.TestInvoker.invokeTestMethods(TestInvoker.java:146)
at org.testng.internal.TestMethodWorker.invokeTestMethods(TestMethodWorker.java:146)
at org.testng.internal.TestMethodWorker.run(TestMethodWorker.java:128)
at java.base/java.util.ArrayList.forEach(ArrayList.java:1511)
at org.testng.TestRunner.privateRun(TestRunner.java:794)
at org.testng.TestRunner.run(TestRunner.java:596)
at org.testng.SuiteRunner.runTest(SuiteRunner.java:377)
at org.testng.SuiteRunner.access$000(SuiteRunner.java:28)
at org.testng.SuiteRunner$SuiteWorker.run(SuiteRunner.java:418)
at org.testng.internal.thread.ThreadUtil.lambda$execute$0(ThreadUtil.java:64)
at java.base/java.util.concurrent.FutureTask.run(FutureTask.java:264)
at java.base/java.util.concurrent.ThreadPoolExecutor.runWorker(ThreadPoolExecutor.java:1136)
at java.base/java.util.concurrent.ThreadPoolExecutor$Worker.run(ThreadPoolExecutor.java:635)
at java.base/java.lang.Thread.run(Thread.java:833)
Suppressed: org.openqa.selenium.json.JsonException: Attempting to close incomplete json stream
Build info: version: '4.8.3', revision: 'e5e76298c3'
System info: os.name: 'Windows 11', os.arch: 'amd64', os.version: '10.0', java.version: '17.0.5'
Driver info: driver.version: RemoteWebDriver
at org.openqa.selenium.json.JsonOutput.close(JsonOutput.java:303)
at org.openqa.selenium.json.Json.toJson(Json.java:40)
... 40 more
Caused by: java.lang.reflect.InvocationTargetException
at java.base/jdk.internal.reflect.NativeMethodAccessorImpl.invoke0(Native Method)
at java.base/jdk.internal.reflect.NativeMethodAccessorImpl.invoke(NativeMethodAccessorImpl.java:77)
at java.base/jdk.internal.reflect.DelegatingMethodAccessorImpl.invoke(DelegatingMethodAccessorImpl.java:43)
at java.base/java.lang.reflect.Method.invoke(Method.java:568)
at org.openqa.selenium.json.JsonOutput.convertUsingMethod(JsonOutput.java:358)
... 61 more
Caused by: org.openqa.selenium.NoSuchElementException: no such element: Unable to locate element: {"method":"xpath","selector":"//img[@src='themes/softed/images/user.PNG']"}
  (Session info: chrome=114.0.5735.199)
For documentation on this error, please visit: https://selenium.dev/exceptions/#no_such_element
Build info: version: '4.8.3', revision: 'e5e76298c3'
System info: os.name: 'Windows 11', os.arch: 'amd64', os.version: '10.0', java.version: '17.0.5'
Driver info: org.openqa.selenium.chrome.ChromeDriver
Command: [29b0a1910dbf3d26632906378faae50d, findElement {using=xpath, value=//img[@src='themes/softed/images/user.PNG']}]
Capabilities {acceptInsecureCerts: false, browserName: chrome, browserVersion: 114.0.5735.199, chrome: {chromedriverVersion: 114.0.5735.90 (386bc09e8f4f..., userDataDir: C:\Users\vivek\AppData\Loca...}, goog:chromeOptions: {debuggerAddress: localhost:51673}, networkConnectionEnabled: false, pageLoadStrategy: normal, platformName: WINDOWS, proxy: Proxy(), se:cdp: ws://localhost:51673/devtoo..., se:cdpVersion: 114.0.5735.199, setWindowRect: true, strictFileInteractability: false, timeouts: {implicit: 0, pageLoad: 300000, script: 30000}, unhandledPromptBehavior: dismiss and notify, webauthn:extension:credBlob: true, webauthn:extension:largeBlob: true, webauthn:extension:minPinLength: true, webauthn:extension:prf: true, webauthn:virtualAuthenticators: true}
Session ID: 29b0a1910dbf3d26632906378faae50d
at java.base/jdk.internal.reflect.NativeConstructorAccessorImpl.newInstance0(Native Method)
at java.base/jdk.internal.reflect.NativeConstructorAccessorImpl.newInstance(NativeConstructorAccessorImpl.java:77)
at java.base/jdk.internal.reflect.DelegatingConstructorAccessorImpl.newInstance(DelegatingConstructorAccessorImpl.java:45)
at java.base/java.lang.reflect.Constructor.newInstanceWithCaller(Constructor.java:499)
at java.base/java.lang.reflect.Constructor.newInstance(Constructor.java:480)
at org.openqa.selenium.remote.codec.w3c.W3CHttpResponseCodec.createException(W3CHttpResponseCodec.java:200)
at org.openqa.selenium.remote.codec.w3c.W3CHttpResponseCodec.decode(W3CHttpResponseCodec.java:133)
at org.openqa.selenium.remote.codec.w3c.W3CHttpResponseCodec.decode(W3CHttpResponseCodec.java:53)
at org.openqa.selenium.remote.HttpCommandExecutor.execute(HttpCommandExecutor.java:193)
at org.openqa.selenium.remote.service.DriverCommandExecutor.invokeExecute(DriverCommandExecutor.java:183)
at org.openqa.selenium.remote.service.DriverCommandExecutor.execute(DriverCommandExecutor.java:158)
at org.openqa.selenium.remote.RemoteWebDriver.execute(RemoteWebDriver.java:543)
at org.openqa.selenium.remote.ElementLocation$ElementFinder$2.findElement(ElementLocation.java:162)
at org.openqa.selenium.remote.ElementLocation.findElement(ElementLocation.java:60)
at org.openqa.selenium.remote.RemoteWebDriver.findElement(RemoteWebDriver.java:352)
at org.openqa.selenium.remote.RemoteWebDriver.findElement(RemoteWebDriver.java:344)
at org.openqa.selenium.support.pagefactory.DefaultElementLocator.findElement(DefaultElementLocator.java:70)
at org.openqa.selenium.support.pagefactory.internal.LocatingElementHandler.invoke(LocatingElementHandler.java:39)
at jdk.proxy2/jdk.proxy2.$Proxy19.getWrappedElement(Unknown Source)
at org.openqa.selenium.interactions.PointerInput$Origin.asArg(PointerInput.java:269)
at org.openqa.selenium.interactions.PointerInput$Move.encode(PointerInput.java:218)
at org.openqa.selenium.interactions.Sequence.encode(Sequence.java:73)
at org.openqa.selenium.interactions.Sequence.toJson(Sequence.java:82)
... 66 more
]]>
            </full-stacktrace>
          </exception> <!-- org.openqa.selenium.json.JsonException -->
          <reporter-output>
          </reporter-output>
        </test-method> <!-- AMLogoutTOApplication -->
        <test-method is-config="true" signature="ACCloseBrowser()[pri:0, instance:Documents.CreateDocumentUsingDownloadTypeTest@245b4bdc]" started-at="2023-07-14T12:06:22 IST" name="ACCloseBrowser" finished-at="1970-01-01T05:30:00 IST" duration-ms="-1689316582188" status="SKIP">
          <reporter-output>
          </reporter-output>
        </test-method> <!-- ACCloseBrowser -->
      </class> <!-- Documents.CreateDocumentUsingDownloadTypeTest -->
      <class name="Opportunities.CreateOpprtunitiesWithContactsTest">
        <test-method is-config="true" signature="BCLaunchBrowser()[pri:0, instance:Opportunities.CreateOpprtunitiesWithContactsTest@5876a9af]" started-at="2023-07-14T12:04:24 IST" name="BCLaunchBrowser" finished-at="2023-07-14T12:04:30 IST" duration-ms="5556" status="PASS">
          <reporter-output>
          </reporter-output>
        </test-method> <!-- BCLaunchBrowser -->
        <test-method is-config="true" signature="BMLoginTOApplication()[pri:0, instance:Opportunities.CreateOpprtunitiesWithContactsTest@5876a9af]" started-at="2023-07-14T12:04:30 IST" name="BMLoginTOApplication" finished-at="2023-07-14T12:04:41 IST" duration-ms="10646" status="PASS">
          <reporter-output>
          </reporter-output>
        </test-method> <!-- BMLoginTOApplication -->
        <test-method signature="createOpprtunitiesWithContactsTest()[pri:0, instance:Opportunities.CreateOpprtunitiesWithContactsTest@5876a9af]" started-at="2023-07-14T12:04:41 IST" name="createOpprtunitiesWithContactsTest" finished-at="2023-07-14T12:05:12 IST" duration-ms="31375" status="PASS">
          <reporter-output>
          </reporter-output>
        </test-method> <!-- createOpprtunitiesWithContactsTest -->
        <test-method is-config="true" signature="AMLogoutTOApplication()[pri:0, instance:Opportunities.CreateOpprtunitiesWithContactsTest@5876a9af]" started-at="2023-07-14T12:05:12 IST" name="AMLogoutTOApplication" finished-at="2023-07-14T12:05:12 IST" duration-ms="202" status="PASS">
          <reporter-output>
          </reporter-output>
        </test-method> <!-- AMLogoutTOApplication -->
        <test-method is-config="true" signature="ACCloseBrowser()[pri:0, instance:Opportunities.CreateOpprtunitiesWithContactsTest@5876a9af]" started-at="2023-07-14T12:05:12 IST" name="ACCloseBrowser" finished-at="2023-07-14T12:05:13 IST" duration-ms="340" status="PASS">
          <reporter-output>
          </reporter-output>
        </test-method> <!-- ACCloseBrowser -->
      </class> <!-- Opportunities.CreateOpprtunitiesWithContactsTest -->
    </test> <!-- Test1 -->
  </suite> <!-- Suite -->
</testng-results>
